------------------------------------------------------------------------------
data.table + dplyr code now lives in dtplyr.
Please library(dtplyr)!
------------------------------------------------------------------------------

Attaching package: 'dplyr'

The following objects are masked from 'package:data.table':

    between, last

The following objects are masked from 'package:stats':

    filter, lag

The following objects are masked from 'package:base':

    intersect, setdiff, setequal, union

null device 
          1 
------------------------------------------------------------------------------
data.table + dplyr code now lives in dtplyr.
Please library(dtplyr)!
------------------------------------------------------------------------------

Attaching package: 'dplyr'

The following objects are masked from 'package:data.table':

    between, last

The following objects are masked from 'package:stats':

    filter, lag

The following objects are masked from 'package:base':

    intersect, setdiff, setequal, union

null device 
          1 
------------------------------------------------------------------------------
data.table + dplyr code now lives in dtplyr.
Please library(dtplyr)!
------------------------------------------------------------------------------

Attaching package: 'dplyr'

The following objects are masked from 'package:data.table':

    between, last

The following objects are masked from 'package:stats':

    filter, lag

The following objects are masked from 'package:base':

    intersect, setdiff, setequal, union

null device 
          1 
------------------------------------------------------------------------------
data.table + dplyr code now lives in dtplyr.
Please library(dtplyr)!
------------------------------------------------------------------------------

Attaching package: 'dplyr'

The following objects are masked from 'package:data.table':

    between, last

The following objects are masked from 'package:stats':

    filter, lag

The following objects are masked from 'package:base':

    intersect, setdiff, setequal, union

null device 
          1 
------------------------------------------------------------------------------
data.table + dplyr code now lives in dtplyr.
Please library(dtplyr)!
------------------------------------------------------------------------------

Attaching package: 'dplyr'

The following objects are masked from 'package:data.table':

    between, last

The following objects are masked from 'package:stats':

    filter, lag

The following objects are masked from 'package:base':

    intersect, setdiff, setequal, union

null device 
          1 
------------------------------------------------------------------------------
data.table + dplyr code now lives in dtplyr.
Please library(dtplyr)!
------------------------------------------------------------------------------

Attaching package: 'dplyr'

The following objects are masked from 'package:data.table':

    between, last

The following objects are masked from 'package:stats':

    filter, lag

The following objects are masked from 'package:base':

    intersect, setdiff, setequal, union

null device 
          1 
